Sat 15:55: ########################################## 
Sat 15:55: Compiling.
Sat 15:55: ########################################## 

Sat 15:55: MaxCompiler version: 2015.1.1 (simulation only).
Sat 15:55: Build Simulation run rule for Maxeler_Threshold start time: Sat Jan 09 15:55:02 PST 2016.
Sat 15:55: Project location: /home/demo/Desktop/Maxeler_Threshold.
Sat 15:55: Detailed build log: /home/demo/Desktop/Maxeler_Threshold/RunRules/Simulation/build.log.

Sat 15:55: Compiling Engine Code.
Sat 15:55: Engine building skipped (no changes on .max files).
Sat 15:55: Compiling CPU Code.
Sat 15:55: Run CPU project make files updating
Sat 15:55: Executing command:
Sat 15:55: java -jar /opt/maxeler/maxcompiler/lib/MaxIDE/projectAdmin.jar -u /home/demo/Desktop/Maxeler_Threshold Simulation 
Sat 15:55: Command output:

Sat 15:55: MaxCompiler Project Admin Tool Version 2015.1.10001
Sat 15:55:  Copyright Maxeler Technologies 2010 - 2015. All rights reserved.
Sat 15:55: Handler version 1
Sat 15:55: Updating RunRule dependent Makefiles for RunRule 'Simulation'
Sat 15:55: Found makefiles: 1
Sat 15:55: 	Updated: Simulation
Sat 15:55: Run CPU make.
Sat 15:55: make RUNRULE=Simulation 
Sat 15:55: Command output:
Sat 15:55: make -f Makefile ../RunRules/Simulation/binaries/Threshold
Sat 15:55: make[1]: Entering directory `/home/demo/Desktop/Maxeler_Threshold/CPUCode'
Sat 15:55: cc -g -O3 -Wall -Wextra -fmessage-length=0 -I ../RunRules/Simulation/include -I. -I/opt/maxeler/maxcompiler/lib/maxeleros-sim/include -I/opt/maxeler/maxcompiler/include/slic -D_XOPEN_SOURCE=600  -std=c99 -DBUILDNAME_MAXFILE_1=Threshold -DMAXFILE_1="Threshold.max"  -o "../RunRules/Simulation/objects/ThresholdCpuCode.o" -c "ThresholdCpuCode.c"
Sat 15:55: cc -g -O3 -Wall -Wextra -fmessage-length=0 -I ../RunRules/Simulation/include -I. -I/opt/maxeler/maxcompiler/lib/maxeleros-sim/include -I/opt/maxeler/maxcompiler/include/slic -D_XOPEN_SOURCE=600  -std=c99 -DBUILDNAME_MAXFILE_1=Threshold -DMAXFILE_1="Threshold.max"  -MM -MP -MT "../RunRules/Simulation/objects/ThresholdCpuCode.o" "ThresholdCpuCode.c" > "../RunRules/Simulation/objects/ThresholdCpuCode.d"
Sat 15:55: cc ../RunRules/Simulation/objects/ThresholdCpuCode.o ../RunRules/Simulation/objects/ppmIO.o ../RunRules/Simulation/objects/slic_Threshold.o  -L/opt/maxeler/maxcompiler/lib -L/opt/maxeler/maxcompiler/lib/maxeleros-sim/lib -lslic -lmaxeleros -lm -lpthread  -o "../RunRules/Simulation/binaries/Threshold"
Sat 15:55: make[1]: Leaving directory `/home/demo/Desktop/Maxeler_Threshold/CPUCode'
Sat 15:55: Build completed: Sat Jan 09 15:55:06 PST 2016


Sat 15:55: ########################################## 
Sat 15:55: Running
Sat 15:55: ########################################## 
Sat 15:55: Executing command:
Sat 15:55: '/home/demo/Desktop/Maxeler_Threshold/RunRules/Simulation/binaries/Threshold' 
Sat 15:55: Command output:
Sat 15:55: CPU     - 22.78
Sat 15:55: MAXELER - 12929.25
Sat 15:55: Process terminated with exit code 0.
