Sat 11:55: PROGRESS: MaxCompiler version: 2015.1.1 (simulation only)
Sat 11:55: PROGRESS: Build "Threshold" start time: Sat Jan 09 11:55:17 PST 2016
Sat 11:55: PROGRESS: Main build process running as user demo on host localhost.localdomain
Sat 11:55: INFO    : Loading build properties from bundled MaxCompiler_build.conf...
Sat 11:55: INFO    : No default external build property file has been specified.
Sat 11:55: INFO    : (Set environment variable MAXCOMPILER_DEFAULT_CONF_FILE to assign one)
Sat 11:55: INFO    : Loading user build properties from: /home/demo/.MaxCompiler_build_user.conf
Sat 11:55: INFO    : No user-specified external build property file has been specified.
Sat 11:55: INFO    : (Set environment variable MAXCOMPILER_BUILD_CONF_FILE to assign one)
Sat 11:55: INFO    : Loading additional parameters from MAXCOMPILER_BUILD_CONF environment variable
Sat 11:55: PROGRESS: Build location: /home/demo/Desktop/MaxCompiler-Builds/Threshold_MAX2C_DFE_SIM
Sat 11:55: PROGRESS: Detailed build log available in "_build.log"
Sat 11:55: INFO    : Created build manager Threshold (Threshold_MAX2C_DFE_SIM Sat Jan 09 11:55:17 PST 2016). (11:55:17 09/01/16)
Sat 11:55: INFO    : Working in dir: /home/demo/Desktop/MaxCompiler-Builds/Threshold_MAX2C_DFE_SIM
Sat 11:55: INFO    : Java class path (2 paths):
Sat 11:55: INFO    : 	/home/demo/Desktop/Maxeler_Threshold/EngineCode/bin
Sat 11:55: INFO    : 	/opt/maxeler/maxcompiler/lib/MaxCompiler.jar
Sat 11:55: INFO    : Java process started by 'main' method in class 'threshold.ThresholdManager'.
Sat 11:55: INFO    : build.arbitrated_core_cache parameter is blank, not using core-cache
Sat 11:55: INFO    : Checking license files in directory: /opt/maxeler/maxcompiler/licenses
Sat 11:55: INFO    : All license signatures valid.
Sat 11:55: INFO    : Backing-up source-files (old source files in build directory will be removed first)...
Sat 11:55: INFO    : Source directories: /home/demo/Desktop/Maxeler_Threshold/EngineCode/src:
Sat 11:55: INFO    : Deleting directory: src
Sat 11:55: INFO    : Copying source-files took 6.36173 ms
Sat 11:55: PROGRESS: Instantiating manager
Sat 11:55: INFO    : Deleting /home/demo/Desktop/MaxCompiler-Builds/Threshold_MAX2C_DFE_SIM/scratch/ThresholdKernel.graphs
Sat 11:55: PROGRESS: Instantiating kernel "ThresholdKernel"
Sat 11:55: PROGRESS: Compiling manager (CPU I/O Only)
Sat 11:55: INFO    : Manager Configuration:
Sat 11:55: INFO    : 	ManagerConfiguration.allowNonMultipleTransitions = false                                      [Init: false]
Sat 11:55: INFO    : 	ManagerConfiguration.board = MAX24412C                                                        [Init: null, init: MAX24412C]
Sat 11:55: INFO    : 	ManagerConfiguration.build.buildEffort = MEDIUM                                               [Init: MEDIUM]
Sat 11:55: INFO    : 	ManagerConfiguration.build.enableChipScopeInserter = false                                    [Init: false]
Sat 11:55: INFO    : 	ManagerConfiguration.build.enableTimingAnalysis = true                                        [Init: true]
Sat 11:55: INFO    : 	ManagerConfiguration.build.level = FULL_BUILD                                                 [Init: FULL_BUILD]
Sat 11:55: INFO    : 	ManagerConfiguration.build.mpprContinueAfterMeetingTiming = false                             [Init: false]
Sat 11:55: INFO    : 	ManagerConfiguration.build.mpprCtMax = 1                                                      [Init: 1]
Sat 11:55: INFO    : 	ManagerConfiguration.build.mpprCtMin = 1                                                      [Init: 1]
Sat 11:55: INFO    : 	ManagerConfiguration.build.mpprParallelism = 1                                                [Init: 1]
Sat 11:55: INFO    : 	ManagerConfiguration.build.mpprRetryMissesThrshld = 0                                         [Init: 0]
Sat 11:55: INFO    : 	ManagerConfiguration.build.optGoal = BALANCED                                                 [Init: BALANCED]
Sat 11:55: INFO    : 	ManagerConfiguration.build.physSynthAsyncPipelining = AUTO                                    [Init: AUTO]
Sat 11:55: INFO    : 	ManagerConfiguration.build.physSynthCombLogic = AUTO                                          [Init: AUTO]
Sat 11:55: INFO    : 	ManagerConfiguration.build.physSynthCombLogicForArea = AUTO                                   [Init: AUTO]
Sat 11:55: INFO    : 	ManagerConfiguration.build.physSynthEffort = AUTO                                             [Init: AUTO]
Sat 11:55: INFO    : 	ManagerConfiguration.build.physSynthRegDuplication = AUTO                                     [Init: AUTO]
Sat 11:55: INFO    : 	ManagerConfiguration.build.physSynthRetiming = AUTO                                           [Init: AUTO]
Sat 11:55: INFO    : 	ManagerConfiguration.build.physicalSynthesis = false                                          [Init: false]
Sat 11:55: INFO    : 	ManagerConfiguration.buildTarget = DFE_SIM                                                    [Init: null, init: DFE_SIM]
Sat 11:55: INFO    : 	ManagerConfiguration.debug.chipscopeCaptureDepth = 4096                                       [Init: 4096]
Sat 11:55: INFO    : 	ManagerConfiguration.debug.fifoUnderOverFlowRegs = false                                      [Init: false]
Sat 11:55: INFO    : 	ManagerConfiguration.debug.memCtlDebugRegs = true                                             [Init: true]
Sat 11:55: INFO    : 	ManagerConfiguration.debug.memCtlExtraDebugRegs = false                                       [Init: false]
Sat 11:55: INFO    : 	ManagerConfiguration.debug.memMarginingSupport = false                                        [Init: false]
Sat 11:55: INFO    : 	ManagerConfiguration.debug.memPhyDebugRegister = NONE                                         [Init: NONE]
Sat 11:55: INFO    : 	ManagerConfiguration.debug.memPllLockDebugRegs = true                                         [Init: true]
Sat 11:55: INFO    : 	ManagerConfiguration.debug.streamStatus = false                                               [Init: false]
Sat 11:55: INFO    : 	ManagerConfiguration.debug.streamStatusChecksums = false                                      [Init: false]
Sat 11:55: INFO    : 	ManagerConfiguration.dram.addressGeneratorsInSlowClock = false                                [Init: false]
Sat 11:55: INFO    : 	ManagerConfiguration.dram.arbitrationMode = ROUND_ROBIN                                       [Init: ROUND_ROBIN]
Sat 11:55: INFO    : 	ManagerConfiguration.dram.burstSize = 4                                                       [Init: 8, change: 4]
Sat 11:55: INFO    : 	ManagerConfiguration.dram.cmdFifoInReg = false                                                [Init: false]
Sat 11:55: INFO    : 	ManagerConfiguration.dram.cmdFifoLutRam = false                                               [Init: false]
Sat 11:55: INFO    : 	ManagerConfiguration.dram.cmdFifoRegInRam = true                                              [Init: true]
Sat 11:55: INFO    : 	ManagerConfiguration.dram.cmdFifoSize = 31                                                    [Init: 31]
Sat 11:55: INFO    : 	ManagerConfiguration.dram.commandEchoModeEnabled = false                                      [Init: false]
Sat 11:55: INFO    : 	ManagerConfiguration.dram.commandEchoModeFifoDepth = 512                                      [Init: 512]
Sat 11:55: INFO    : 	ManagerConfiguration.dram.commandEchoModeStreamAlmostEmptyLatency = 792                       [Init: 792]
Sat 11:55: INFO    : 	ManagerConfiguration.dram.commandEchoModeStreamAlmostEmptyLatency = 8                         [Init: 8]
Sat 11:55: INFO    : 	ManagerConfiguration.dram.commandEchoModeStreamStallLatency = 8                               [Init: 8]
Sat 11:55: INFO    : 	ManagerConfiguration.dram.dataFifoDepth = 512                                                 [Init: 512]
Sat 11:55: INFO    : 	ManagerConfiguration.dram.dataFifoLutRam = false                                              [Init: false]
Sat 11:55: INFO    : 	ManagerConfiguration.dram.dataFifoWidth = 792                                                 [Init: 792]
Sat 11:55: INFO    : 	ManagerConfiguration.dram.eccMode = false                                                     [Init: false]
Sat 11:55: INFO    : 	ManagerConfiguration.dram.fabricDataFifoReg = true                                            [Init: true]
Sat 11:55: INFO    : 	ManagerConfiguration.dram.fabricRdDataFifoReg = false                                         [Init: false]
Sat 11:55: INFO    : 	ManagerConfiguration.dram.flagSupport = false                                                 [Init: false]
Sat 11:55: INFO    : 	ManagerConfiguration.dram.highPrioStream = false                                              [Init: false]
Sat 11:55: INFO    : 	ManagerConfiguration.dram.max2CompatMode = false                                              [Init: false]
Sat 11:55: INFO    : 	ManagerConfiguration.dram.max4m_GALAVA_MCP_UseRefClk = false                                  [Init: false]
Sat 11:55: INFO    : 	ManagerConfiguration.dram.max4m_MAIA_MCP_UseRefClk = false                                    [Init: false]
Sat 11:55: INFO    : 	ManagerConfiguration.dram.max4qrateMode = false                                               [Init: false]
Sat 11:55: INFO    : 	ManagerConfiguration.dram.memCmdIncSize = 8                                                   [Init: 8]
Sat 11:55: INFO    : 	ManagerConfiguration.dram.memCmdStartAddrSize = 32                                            [Init: 32]
Sat 11:55: INFO    : 	ManagerConfiguration.dram.onCardMemFreq = 200.0                                               [Init: 0.0, change: 200.0]
Sat 11:55: INFO    : 	ManagerConfiguration.dram.parEccDebugStream = false                                           [Init: false]
Sat 11:55: INFO    : 	ManagerConfiguration.dram.parityEccWidth = 0                                                  [Init: 0]
Sat 11:55: INFO    : 	ManagerConfiguration.dram.parityMode = false                                                  [Init: false]
Sat 11:55: INFO    : 	ManagerConfiguration.dram.perdqsPhaseDetect = false                                           [Init: false]
Sat 11:55: INFO    : 	ManagerConfiguration.dram.performanceMode = true                                              [Init: true]
Sat 11:55: INFO    : 	ManagerConfiguration.enableMPCX = false                                                       [Init: false, init: false]
Sat 11:55: INFO    : 	ManagerConfiguration.maxring.maxringConnections = []                                          [Init: []]
Sat 11:55: INFO    : 	ManagerConfiguration.maxring.maxringNumLanes = {DFE_ON_REMOTE_CARD=4, DFE_ON_LOCAL_CARD=4}    [Init: {}]
Sat 11:55: INFO    : 	ManagerConfiguration.multiCycleMappedMemoryBus = false                                        [Init: false]
Sat 11:55: INFO    : 	ManagerConfiguration.network.qsfp0Mode = QSFP_OFF                                             [Init: QSFP_OFF]
Sat 11:55: INFO    : 	ManagerConfiguration.network.qsfp1Mode = QSFP_OFF                                             [Init: QSFP_OFF]
Sat 11:55: INFO    : 	ManagerConfiguration.network.qsfp2Mode = QSFP_OFF                                             [Init: QSFP_OFF]
Sat 11:55: INFO    : 	ManagerConfiguration.network.qsfp3Mode = QSFP_OFF                                             [Init: QSFP_OFF]
Sat 11:55: INFO    : 	ManagerConfiguration.network.qsfp4Mode = QSFP_OFF                                             [Init: QSFP_OFF]
Sat 11:55: INFO    : 	ManagerConfiguration.network.qsfp5Mode = QSFP_OFF                                             [Init: QSFP_OFF]
Sat 11:55: INFO    : 	ManagerConfiguration.network.qsfp6Mode = QSFP_OFF                                             [Init: QSFP_OFF]
Sat 11:55: INFO    : 	ManagerConfiguration.network.qsfp7Mode = QSFP_OFF                                             [Init: QSFP_OFF]
Sat 11:55: INFO    : 	ManagerConfiguration.pcie.numPCIeLanes = 8                                                    [Init: 0, change: 8]
Sat 11:55: INFO    : 	ManagerConfiguration.pcie.pcieFastClock = false                                               [Init: false]
Sat 11:55: INFO    : 	ManagerConfiguration.pcie.streamFromHostMaxNum = 0                                            [Init: 0]
Sat 11:55: INFO    : 	ManagerConfiguration.pcie.streamToHostMaxNum = 0                                              [Init: 0]
Sat 11:55: INFO    : 	ManagerConfiguration.persona.boardModel = MAX24412C                                           [Init: null, change: MAX24412C]
Sat 11:55: INFO    : 	ManagerConfiguration.persona.ddr3Enable = false                                               [Init: false]
Sat 11:55: INFO    : 	ManagerConfiguration.persona.ddr3Frq = 200.0                                                  [Init: 400.0, change: 200.0]
Sat 11:55: INFO    : 	ManagerConfiguration.persona.ddr3Qmode = false                                                [Init: false]
Sat 11:55: INFO    : 	ManagerConfiguration.persona.disableMultiplePersona = true                                    [Init: true]
Sat 11:55: INFO    : 	ManagerConfiguration.persona.dynamic_scaling = false                                          [Init: false]
Sat 11:55: INFO    : 	ManagerConfiguration.persona.enableCPLDOverrideOutpus = false                                 [Init: false]
Sat 11:55: INFO    : 	ManagerConfiguration.persona.enableJDFEPTPTestLogic = false                                   [Init: false]
Sat 11:55: INFO    : 	ManagerConfiguration.persona.maxRingLocal = false                                             [Init: false]
Sat 11:55: INFO    : 	ManagerConfiguration.persona.maxRingOptical = false                                           [Init: false]
Sat 11:55: INFO    : 	ManagerConfiguration.persona.maxringDataRate = 2500.0                                         [Init: 2500.0]
Sat 11:55: INFO    : 	ManagerConfiguration.persona.maxringOpticalDataRate = 10000.0                                 [Init: 10000.0]
Sat 11:55: INFO    : 	ManagerConfiguration.persona.mode = InitMode                                                  [Init: InitMode]
Sat 11:55: INFO    : 	ManagerConfiguration.persona.networkPTP = OFF                                                 [Init: OFF]
Sat 11:55: INFO    : 	ManagerConfiguration.persona.panMaxRingA = false                                              [Init: false]
Sat 11:55: INFO    : 	ManagerConfiguration.persona.panMaxRingB = false                                              [Init: false]
Sat 11:55: INFO    : 	ManagerConfiguration.persona.personaInterfaceVersion = 1                                      [Init: 1]
Sat 11:55: INFO    : 	ManagerConfiguration.persona.qdr2Enable = false                                               [Init: false]
Sat 11:55: INFO    : 	ManagerConfiguration.persona.qdr2Frq = 550.0                                                  [Init: 550.0]
Sat 11:55: INFO    : 	ManagerConfiguration.persona.streamClks = 1                                                   [Init: 1]
Sat 11:55: INFO    : 	ManagerConfiguration.persona.streamFrq = [100.0]                                              [Init: [150.0], change: [100.0]]
Sat 11:55: INFO    : 	ManagerConfiguration.persona.streamPs = [0]                                                   [Init: [0]]
Sat 11:55: INFO    : 	ManagerConfiguration.persona.usePCIeGen1 = false                                              [Init: false]
Sat 11:55: INFO    : 	ManagerConfiguration.simulation.nativeFloatingPoint = false                                   [Init: false]
Sat 11:55: INFO    : 	ManagerConfiguration.streamClockFrq = 100                                                     [Init: 100]
Sat 11:55: INFO    : 	ManagerConfiguration.useLegacyStreamFIFOs = false                                             [Init: false]
Sat 11:55: INFO    : 
Sat 11:55: INFO    :  -- 
Sat 11:55: PROGRESS: 
Sat 11:55: PROGRESS: Compiling kernel "ThresholdKernel"
Sat 11:55: INFO    : Configuration:
Sat 11:55: INFO    : 	KernelConfiguration.additionalInputPipelining = 64                                          [Init: 64]
Sat 11:55: INFO    : 	KernelConfiguration.allowDSPCascading = true                                                [Init: true]
Sat 11:55: INFO    : 	KernelConfiguration.allowInputsOutputsBeforeFlushNode = false                               [Init: false]
Sat 11:55: INFO    : 	KernelConfiguration.allowZeroLatencyNodeHold = false                                        [Init: false]
Sat 11:55: INFO    : 	KernelConfiguration.board = MAX24412C                                                       [Init: MAX2116B, change: MAX24412C]
Sat 11:55: INFO    : 	KernelConfiguration.bramBitsThreshold = 2080                                                [Init: 2080]
Sat 11:55: INFO    : 	KernelConfiguration.buildTarget = MAXCOMPILERSIM_HOST_DRIVEN                                [Init: NONE, change: MAXCOMPILERSIM_HOST_DRIVEN]
Sat 11:55: INFO    : 	KernelConfiguration.cePipelining = 2                                                        [Init: 2]
Sat 11:55: INFO    : 	KernelConfiguration.clockPhaseBalanceThreshold = 0.1                                        [Init: 0.1]
Sat 11:55: INFO    : 	KernelConfiguration.clockPhasingRetries = 50                                                [Init: 50]
Sat 11:55: INFO    : 	KernelConfiguration.dumpNeighboursString =                                                  [Init: ]
Sat 11:55: INFO    : 	KernelConfiguration.enableCeReplication = true                                              [Init: true]
Sat 11:55: INFO    : 	KernelConfiguration.enableClockPhasePartitioning = false                                    [Init: false]
Sat 11:55: INFO    : 	KernelConfiguration.enableDebugIOControlRegs = true                                         [Init: true]
Sat 11:55: INFO    : 	KernelConfiguration.enableDummyBuild = false                                                [Init: false]
Sat 11:55: INFO    : 	KernelConfiguration.enableKernelProfiler = false                                            [Init: false]
Sat 11:55: INFO    : 	KernelConfiguration.enablePipelinedComputeController = false                                [Init: false]
Sat 11:55: INFO    : 	KernelConfiguration.enableShadowRegister = false                                            [Init: false]
Sat 11:55: INFO    : 	KernelConfiguration.enableSmartKernelControl = false                                        [Init: false]
Sat 11:55: INFO    : 	KernelConfiguration.fifoSrlRegisterStages = 1                                               [Init: 1]
Sat 11:55: INFO    : 	KernelConfiguration.flushOnInputDataCongtiguous = false                                     [Init: false]
Sat 11:55: INFO    : 	KernelConfiguration.hardwareDebugDepth = 512                                                [Init: 512]
Sat 11:55: INFO    : 	KernelConfiguration.hwHierarchyMode = UNSET                                                 [Init: UNSET]
Sat 11:55: INFO    : 	KernelConfiguration.latencyAnnotation = false                                               [Init: false]
Sat 11:55: INFO    : 	KernelConfiguration.latencyAnnotationIOs =                                                  [Init: null]
Sat 11:55: INFO    : 	KernelConfiguration.maxCoalescedFifoWidth = 2147483647                                      [Init: 2147483647]
Sat 11:55: INFO    : 	KernelConfiguration.maxPreAdderFanOut = 1                                                   [Init: 1]
Sat 11:55: INFO    : 	KernelConfiguration.netlistMode = false                                                     [Init: false]
Sat 11:55: INFO    : 	KernelConfiguration.numPhotonStateMachines = 1                                              [Init: 1]
Sat 11:55: INFO    : 	KernelConfiguration.optimizations.ceCounterRegisterDuplication = 1                          [Init: 1]
Sat 11:55: INFO    : 	KernelConfiguration.optimizations.conditionalArithmetic = true                              [Init: true]
Sat 11:55: INFO    : 	KernelConfiguration.optimizations.counterChainWrapPipelining = 0                            [Init: 0]
Sat 11:55: INFO    : 	KernelConfiguration.optimizations.dspAddChain = OPTIMISE_IGNORE_PREADDER                    [Init: null, Init after BuildTarget change: OPTIMISE_IGNORE_PREADDER]
Sat 11:55: INFO    : 	KernelConfiguration.optimizations.enableActiveFanoutReduction = false                       [Init: false]
Sat 11:55: INFO    : 	KernelConfiguration.optimizations.enableBUFGCE = false                                      [Init: false]
Sat 11:55: INFO    : 	KernelConfiguration.optimizations.enableBetterInputRegistering = false                      [Init: false]
Sat 11:55: INFO    : 	KernelConfiguration.optimizations.enableBetterRegistering = false                           [Init: false]
Sat 11:55: INFO    : 	KernelConfiguration.optimizations.enableFIFOCoalescingAcrossPlacementConstraints = false    [Init: false]
Sat 11:55: INFO    : 	KernelConfiguration.optimizations.enableFifoCoalescing = true                               [Init: true]
Sat 11:55: INFO    : 	KernelConfiguration.optimizations.enableFullPrecisionBinaryOpConstants = false              [Init: false]
Sat 11:55: INFO    : 	KernelConfiguration.optimizations.enableIntegratedRounding = false                          [Init: false]
Sat 11:55: INFO    : 	KernelConfiguration.optimizations.enableMappedMemoryHostReadBack = true                     [Init: true]
Sat 11:55: INFO    : 	KernelConfiguration.optimizations.enableMultiCycleReset = false                             [Init: false]
Sat 11:55: INFO    : 	KernelConfiguration.optimizations.enablePowerTwoFloatMult = true                            [Init: true]
Sat 11:55: INFO    : 	KernelConfiguration.optimizations.enableRedundantNodeDeletion = true                        [Init: true]
Sat 11:55: INFO    : 	KernelConfiguration.optimizations.enableStateMachineRegisterMerging = true                  [Init: true]
Sat 11:55: INFO    : 	KernelConfiguration.optimizations.inputFlushDistanceFactor = 0                              [Init: 0]
Sat 11:55: INFO    : 	KernelConfiguration.optimizations.minimumStaticFIFOSplitDepth = 1                           [Init: 1]
Sat 11:55: INFO    : 	KernelConfiguration.optimizations.optimizationTechnique = DEFAULT                           [Init: DEFAULT]
Sat 11:55: INFO    : 	KernelConfiguration.optimizations.triAdd = true                                             [Init: true]
Sat 11:55: INFO    : 	KernelConfiguration.partialReconfBlockName =                                                [Init: ]
Sat 11:55: INFO    : 	KernelConfiguration.partialReconfMode = false                                               [Init: false]
Sat 11:55: INFO    : 	KernelConfiguration.partialReconfTemplate = false                                           [Init: false]
Sat 11:55: INFO    : 	KernelConfiguration.replicateNodeCeLog2NumPartitions = 0                                    [Init: 0]
Sat 11:55: INFO    : 	KernelConfiguration.romBRAMBitsThreshold = 2080                                             [Init: 2080]
Sat 11:55: INFO    : 	KernelConfiguration.simulation.ramAddressCollisionBehaviour = EXCEPTION                     [Init: EXCEPTION]
Sat 11:55: INFO    : 	KernelConfiguration.simulation.ramOutOfBoundsAccessBehaviour = EXCEPTION                    [Init: EXCEPTION]
Sat 11:55: INFO    : 	KernelConfiguration.simulation.simProgressMessageFrequency = 0                              [Init: 0]
Sat 11:55: INFO    : 
Sat 11:55: INFO    :  -- 
Sat 11:55: INFO    : Writing current graph to: Threshold-ThresholdKernel-original.pxg
Sat 11:55: INFO    : Running kernel graph-pass 'GeneratePXG'.
Sat 11:55: INFO    : Graph-pass 'GeneratePXG' took 250.701 ms (1 iterations)
Sat 11:55: INFO    : Running kernel graph-pass 'MarkConstantPass'.
Sat 11:55: INFO    : Graph-pass 'MarkConstantPass' took 1.41813 ms (1 iterations)
Sat 11:55: INFO    : Running kernel graph-pass 'ReachabilityPass'.
Sat 11:55: INFO    : Graph-pass 'ReachabilityPass' took 2.71585 ms (1 iterations)
Sat 11:55: INFO    : Running kernel graph-pass 'FindInputsLeadingToFlush'.
Sat 11:55: INFO    : Graph-pass 'FindInputsLeadingToFlush' took 84.1850 µs (1 iterations)
Sat 11:55: INFO    : Running kernel graph-pass 'CheckForStatefulToFlushViolations'.
Sat 11:55: INFO    : Graph-pass 'CheckForStatefulToFlushViolations' took 307.898 µs (1 iterations)
Sat 11:55: INFO    : Running kernel graph-pass 'CheckForInputToFlushViolations'.
Sat 11:55: INFO    : Graph-pass 'CheckForInputToFlushViolations' took 701.559 µs (1 iterations)
Sat 11:55: INFO    : Deleting directory: neighbours
Sat 11:55: INFO    : Running Photon pre-schedule graph optimisations
Sat 11:55: INFO    : Running kernel graph-pass 'AlignOrEradicatePrintfs'.
Sat 11:55: INFO    : Graph-pass 'AlignOrEradicatePrintfs' took 110.723 µs (1 iterations)
Sat 11:55: INFO    : Running kernel graph-pass 'FoldConstantsPass'.
Sat 11:55: INFO    : Graph-pass 'FoldConstantsPass' took 770.350 µs (1 iterations)
Sat 11:55: INFO    : Running kernel graph-pass 'OptimiseNodesPass'.
Sat 11:55: INFO    : Graph-pass 'OptimiseNodesPass' took 26.4414 ms (2 iterations)
Sat 11:55: INFO    : Running kernel graph-pass 'DeleteRedundantNodes'.
Sat 11:55: INFO    : Graph-pass 'DeleteRedundantNodes' took 19.4987 ms (2 iterations)
Sat 11:55: INFO    : Running kernel graph-pass 'DSPMultiplyAddExtractionPass'.
Sat 11:55: INFO    : Optimized 0 sub-graphs into DSP multiply/add chains (Virtex5 mode).
Sat 11:55: INFO    : Graph-pass 'DSPMultiplyAddExtractionPass' took 16.0858 ms (1 iterations)
Sat 11:55: INFO    : Running kernel graph-pass 'TriAddExtractionPass'.
Sat 11:55: INFO    : optimised graph of 2 adds into 1 tri-add and 0 bi-adds (folded 0 constants)
Sat 11:55: INFO    : Graph-pass 'TriAddExtractionPass' took 15.3331 ms (1 iterations)
Sat 11:55: INFO    : Running kernel graph-pass 'ConditionalAddExtractionPass'.
Sat 11:55: INFO    : Optimized 0 sub-graphs into conditional adds/subs/triadds.
Sat 11:55: INFO    : Graph-pass 'ConditionalAddExtractionPass' took 405.903 µs (1 iterations)
Sat 11:55: INFO    : Running kernel graph-pass 'PO2FPMultOptimiser'.
Sat 11:55: INFO    : Graph-pass 'PO2FPMultOptimiser' took 99.5070 µs (1 iterations)
Sat 11:55: INFO    : Running Photon simulation preparation
Sat 11:55: INFO    : Running kernel graph-pass 'PrepareSimulationPass'.
Sat 11:55: INFO    : Graph-pass 'PrepareSimulationPass' took 91.3530 µs (1 iterations)
Sat 11:55: INFO    : Logging Photon stats to: ThresholdKernel_photon_stats.csv
Sat 11:55: INFO    : Deleting /home/demo/Desktop/MaxCompiler-Builds/Threshold_MAX2C_DFE_SIM/scratch/ThresholdKernel_photon_stats.csv
Sat 11:55: INFO    : Running kernel graph-pass 'StatsPass'.
Sat 11:55: INFO    : Graph-pass 'StatsPass' took 1.36237 ms (1 iterations)
Sat 11:55: INFO    : Running kernel graph-pass 'CollectNumericExceptions'.
Sat 11:55: INFO    : Graph-pass 'CollectNumericExceptions' took 124.504 µs (1 iterations)
Sat 11:55: INFO    : Running kernel graph-pass 'StreamOffsetDivExpand'.
Sat 11:55: INFO    : Graph-pass 'StreamOffsetDivExpand' took 137.440 µs (1 iterations)
Sat 11:55: INFO    : Running kernel graph-pass 'FindIllegalLoops'.
Sat 11:55: INFO    : Graph-pass 'FindIllegalLoops' took 6.93985 ms (1 iterations)
Sat 11:55: INFO    : Running kernel graph-pass 'MarkConstantPass'.
Sat 11:55: INFO    : Graph-pass 'MarkConstantPass' took 168.816 µs (1 iterations)
Sat 11:55: INFO    : Running kernel graph-pass 'ScheduleVariables'.
Sat 11:55: INFO    : Graph-pass 'ScheduleVariables' took 9.98565 ms (1 iterations)
Sat 11:55: INFO    : Running kernel graph-pass 'SubstituteEqPlaceholders'.
Sat 11:55: INFO    : Graph-pass 'SubstituteEqPlaceholders' took 78.6540 µs (1 iterations)
Sat 11:55: INFO    : Running kernel graph-pass 'ScheduleApplier'.
Sat 11:55: INFO    : Graph-pass 'ScheduleApplier' took 1.10684 ms (1 iterations)
Sat 11:55: INFO    : Running kernel graph-pass 'MarkConstantPass'.
Sat 11:55: INFO    : Graph-pass 'MarkConstantPass' took 170.936 µs (1 iterations)
Sat 11:55: INFO    : Running kernel graph-pass 'ScheduleDumper'.
Sat 11:55: INFO    : Graph-pass 'ScheduleDumper' took 5.85514 ms (1 iterations)
Sat 11:55: INFO    : Running Photon post-schedule graph optimisations (pass 1)
Sat 11:55: INFO    : Running kernel graph-pass 'TapFIFOsPass'.
Sat 11:55: INFO    : Graph-pass 'TapFIFOsPass' took 781.223 µs (1 iterations)
Sat 11:55: INFO    : Running kernel graph-pass 'FoldFIFOsPass'.
Sat 11:55: INFO    : Graph-pass 'FoldFIFOsPass' took 278.736 µs (1 iterations)
Sat 11:55: INFO    : Running kernel graph-pass 'MarkConstantPass'.
Sat 11:55: INFO    : Graph-pass 'MarkConstantPass' took 154.687 µs (1 iterations)
Sat 11:55: INFO    : Running kernel graph-pass 'ValidateFIFOs'.
Sat 11:55: INFO    : Graph-pass 'ValidateFIFOs' took 84.9170 µs (1 iterations)
Sat 11:55: INFO    : Running kernel graph-pass 'MarkConstantPass'.
Sat 11:55: INFO    : Graph-pass 'MarkConstantPass' took 193.001 µs (1 iterations)
Sat 11:55: INFO    : Running kernel graph-pass 'ScheduleDumper'.
Sat 11:55: INFO    : Graph-pass 'ScheduleDumper' took 990.294 µs (1 iterations)
Sat 11:55: INFO    : Running kernel graph-pass 'MarkConstantPass'.
Sat 11:55: INFO    : Graph-pass 'MarkConstantPass' took 156.075 µs (1 iterations)
Sat 11:55: INFO    : Running kernel graph-pass 'ScheduleConstants'.
Sat 11:55: INFO    : Running command: "/opt/maxeler/maxcompiler/bin/cbc" "ThresholdKernel_schedule_C.mps.gz" -solve  -printi csv -solu "ThresholdKernel_schedule_C.csv" > "ThresholdKernel_schedule_C.stdout.log"
Sat 11:55: INFO    : Checking for file hash changes...
Sat 11:55: INFO    : Hash changed for file: 'ThresholdKernel_schedule_C.mps.gz'
Sat 11:55: INFO    : Optimum found: 96
Sat 11:55: INFO    : Graph-pass 'ScheduleConstants' took 132.147 ms (1 iterations)
Sat 11:55: INFO    : Running kernel graph-pass 'MarkConstantPass'.
Sat 11:55: INFO    : Graph-pass 'MarkConstantPass' took 169.616 µs (1 iterations)
Sat 11:55: INFO    : Running kernel graph-pass 'ScheduleDumper'.
Sat 11:55: INFO    : Graph-pass 'ScheduleDumper' took 1.51993 ms (1 iterations)
Sat 11:55: INFO    : Running kernel graph-pass 'SubstituteEqPlaceholders'.
Sat 11:55: INFO    : Graph-pass 'SubstituteEqPlaceholders' took 57.0520 µs (1 iterations)
Sat 11:55: INFO    : Running kernel graph-pass 'RemoveDistMeasurementNodes'.
Sat 11:55: INFO    : Graph-pass 'RemoveDistMeasurementNodes' took 12.9680 µs (1 iterations)
Sat 11:55: INFO    : Running kernel graph-pass 'ScheduleApplier'.
Sat 11:55: INFO    : Graph-pass 'ScheduleApplier' took 26.0223 ms (1 iterations)
Sat 11:55: INFO    : Maximum stream latency for kernel 'ThresholdKernel': 12
Sat 11:55: INFO    : Using user logic for flush.
Sat 11:55: INFO    : Running Photon post-schedule graph optimisations (pass 2)
Sat 11:55: INFO    : Running kernel graph-pass 'TapFIFOsPass'.
Sat 11:55: INFO    : Graph-pass 'TapFIFOsPass' took 743.373 µs (1 iterations)
Sat 11:55: INFO    : Running kernel graph-pass 'FoldFIFOsPass'.
Sat 11:55: INFO    : Graph-pass 'FoldFIFOsPass' took 380.499 µs (1 iterations)
Sat 11:55: INFO    : Running kernel graph-pass 'MarkConstantPass'.
Sat 11:55: INFO    : Graph-pass 'MarkConstantPass' took 172.743 µs (1 iterations)
Sat 11:55: INFO    : Running kernel graph-pass 'ScheduleAsserter'.
Sat 11:55: INFO    : Graph-pass 'ScheduleAsserter' took 3.40715 ms (1 iterations)
Sat 11:55: INFO    : Running kernel graph-pass 'ReplaceEvalStreamOffsetNodes'.
Sat 11:55: INFO    : Graph-pass 'ReplaceEvalStreamOffsetNodes' took 91.1200 µs (1 iterations)
Sat 11:55: INFO    : Running kernel graph-pass 'FIFOReport'.
Sat 11:55: INFO    : Graph-pass 'FIFOReport' took 1.04557 ms (1 iterations)
Sat 11:55: INFO    : Running kernel graph-pass 'StatsPass'.
Sat 11:55: INFO    : Graph-pass 'StatsPass' took 882.427 µs (1 iterations)
Sat 11:55: INFO    : Running kernel graph-pass 'RemoveUntypedConstants'.
Sat 11:55: INFO    : Graph-pass 'RemoveUntypedConstants' took 14.6690 ms (1 iterations)
Sat 11:55: INFO    : Running kernel graph-pass 'VariableSizeMappedRegInserter'.
Sat 11:55: INFO    : Graph-pass 'VariableSizeMappedRegInserter' took 97.2670 µs (1 iterations)
Sat 11:55: INFO    : Running kernel graph-pass 'MarkConstantPass'.
Sat 11:55: INFO    : Graph-pass 'MarkConstantPass' took 210.244 µs (1 iterations)
Sat 11:55: INFO    : Running kernel graph-pass 'MakeMaxFileNodeData'.
Sat 11:55: INFO    : Graph-pass 'MakeMaxFileNodeData' took 5.23332 ms (1 iterations)
Sat 11:55: INFO    : Running kernel graph-pass 'MoveFanoutRegsForwards'.
Sat 11:55: INFO    : Graph-pass 'MoveFanoutRegsForwards' took 91.5800 µs (1 iterations)
Sat 11:55: INFO    : Optimization report for Kernel 'ThresholdKernel'.
Sat 11:55: INFO    : Enabled optimizations:
Sat 11:55: INFO    : 	DSP-Multiplication
Sat 11:55: INFO    : 	Tri-Adder
Sat 11:55: INFO    : 	Conditional (Tri)Adds/Subs/AddSubs
Sat 11:55: INFO    : 	Power-of-2 Floating Point
Sat 11:55: INFO    : Creating a preliminary MaxCompilerDesignData.dat. (@ CoreCompile ThresholdKernel)
Sat 11:55: INFO    : Deleting /home/demo/Desktop/MaxCompiler-Builds/Threshold_MAX2C_DFE_SIM/scratch/MaxCompilerDesignData.dat
Sat 11:55: INFO    : Total compilation of 'ThresholdKernel' took 729.777 ms.
Sat 11:55: INFO    : Running kernel graph-pass 'MarkConstantPass'.
Sat 11:55: INFO    : Graph-pass 'MarkConstantPass' took 175.645 µs (1 iterations)
Sat 11:55: INFO    : Running kernel graph-pass 'MaxConstantLatency'.
Sat 11:55: INFO    : Graph-pass 'MaxConstantLatency' took 533.181 µs (1 iterations)
Sat 11:55: INFO    : Running kernel graph-pass 'SimCodeGraphPass'.
Sat 11:55: INFO    : Graph-pass 'SimCodeGraphPass' took 11.4768 ms (1 iterations)
Sat 11:55: INFO    : Writing current graph to: Threshold-ThresholdKernel-final-simulation.pxg
Sat 11:55: INFO    : Running kernel graph-pass 'GeneratePXG'.
Sat 11:55: INFO    : Graph-pass 'GeneratePXG' took 47.8555 ms (1 iterations)
Sat 11:55: INFO    : Deleting /home/demo/Desktop/MaxCompiler-Builds/Threshold_MAX2C_DFE_SIM/scratch/Manager_Threshold.graphs
Sat 11:55: INFO    : Running manager compiler graph-pass: GenerateMXGInfo
Sat 11:55: INFO    : Running manager compiler graph-pass: ScheduleStallLatency
Sat 11:55: INFO    : Running manager compiler graph-pass: ClockWidthAssignment
Sat 11:55: INFO    : Running manager compiler graph-pass: InsertDualAspectLogic
Sat 11:55: INFO    : Running manager compiler graph-pass: ClockWidthAssignment
Sat 11:55: INFO    : Running manager compiler graph-pass: InsertPullPushAdapter
Sat 11:55: INFO    : Running manager compiler graph-pass: ClockWidthAssignment
Sat 11:55: INFO    : Running manager compiler graph-pass: InsertStreamFifos
Sat 11:55: INFO    : Running manager compiler graph-pass: ClockWidthAssignment
Sat 11:55: INFO    : Running manager compiler graph-pass: InsertStreamStatus
Sat 11:55: INFO    : Running manager compiler graph-pass: InsertChipscope
Sat 11:55: INFO    : Inserted 0 chipscope manager nodes.
Sat 11:55: INFO    : Running manager compiler graph-pass: ClockWidthAssignment
Sat 11:55: INFO    : Running manager compiler graph-pass: ReportClockAssignments
Sat 11:55: INFO    : Running manager compiler graph-pass: BuildSoftwareSim
Sat 11:55: INFO    : Mapped register report:
Sat 11:55: INFO    : 	0	io_inImage1_force_disabled	1bytes
Sat 11:55: INFO    : 	1	io_inImage2_force_disabled	1bytes
Sat 11:55: INFO    : 	2	io_inImage3_force_disabled	1bytes
Sat 11:55: INFO    : 	3	io_outImage1_force_disabled	1bytes
Sat 11:55: INFO    : 	4	io_outImage2_force_disabled	1bytes
Sat 11:55: INFO    : 	5	io_outImage3_force_disabled	1bytes
Sat 11:55: INFO    : 	6	run_cycle_count	6bytes
Sat 11:55: INFO    : 	c	current_run_cycle_count	6bytes
Sat 11:55: INFO    : 	12	dbg_ctld_almost_empty	1bytes
Sat 11:55: INFO    : 	13	dbg_ctld_done	1bytes
Sat 11:55: INFO    : 	14	dbg_ctld_empty	1bytes
Sat 11:55: INFO    : 	15	dbg_ctld_read	1bytes
Sat 11:55: INFO    : 	16	dbg_ctld_read_pipe_dbg	2bytes
Sat 11:55: INFO    : 	18	dbg_ctld_request	1bytes
Sat 11:55: INFO    : 	19	dbg_done_out	1bytes
Sat 11:55: INFO    : 	1a	dbg_fill_level	1bytes
Sat 11:55: INFO    : 	1b	dbg_flush_level	1bytes
Sat 11:55: INFO    : 	1c	dbg_flush_start	1bytes
Sat 11:55: INFO    : 	1d	dbg_flush_start_level	1bytes
Sat 11:55: INFO    : 	1e	dbg_flushing	1bytes
Sat 11:55: INFO    : 	1f	dbg_full_level	1bytes
Sat 11:55: INFO    : 	20	dbg_out_stall	1bytes
Sat 11:55: INFO    : 	21	dbg_out_valid	1bytes
Sat 11:55: INFO    : 	22	dbg_stall_vector	1bytes
Sat 11:55: INFO    : 	23	ifpga_ctrl	1bytes
Sat 11:55: INFO    : 	24	SFA_FORWARD_EN	4bytes
Sat 11:55: INFO    : Mapped register chain length = 40
Sat 11:55: INFO    : Mapped register efficiency = 0.61 (194 / 320 bits)
Sat 11:55: INFO    : Mapped memory report:
Sat 11:55: INFO    : 	No mapped memories in this design.
Sat 11:55: INFO    : Running manager compiler graph-pass: GenerateMXGInfo
Sat 11:55: INFO    : Running manager compiler graph-pass: GenerateSlicHostCode
Sat 11:55: INFO    : Generating SLIC interface information
Sat 11:55: INFO    : Generating SLIC code for interface 'default'
Sat 11:55: INFO    : Skipping blacklisted scalar parameter 'ThresholdKernel.current_run_cycle_count'
Sat 11:55: INFO    : Interface 'default' depends on parameter 'N'
Sat 11:55: INFO    : Generating XML description for Maxfile
Sat 11:55: INFO    : Generating XML description for mode 'default'
Sat 11:55: INFO    : Skipping blacklisted scalar parameter 'ThresholdKernel.current_run_cycle_count'
Sat 11:55: INFO    : Interface 'default' depends on parameter 'N'
Sat 11:55: INFO    : Adding SLIC sections to the maxfile
Sat 11:55: INFO    : Adding user files to the maxfile
Sat 11:55: INFO    : Generating SLIC include file
Sat 11:55: INFO    : Done generating SLIC interface information
Sat 11:55: PROGRESS: Running back-end simulation build (3 phases)
Sat 11:55: PROGRESS: (1/3) - Prepare MaxFile Data (GenerateMaxFileDataFile)
Sat 11:55: INFO    : Build pass 'GenerateMaxFileDataFile' took 10.1947 ms.
Sat 11:55: PROGRESS: (2/3) - Compile Simulation Modules (SimCompilePass)
Sat 11:55: INFO    : Running command: make -j1
Sat 11:55: INFO    : Checking for file hash changes...
Sat 11:55: INFO    : Hash changed for file: 'tmp_resource_dump/ThresholdKernel.h'
Sat 11:55: INFO    : Hash changed for file: 'tmp_resource_dump/ThresholdKernel_Templates.cpp'
Sat 11:55: INFO    : Hash changed for file: 'tmp_resource_dump/ThresholdKernel_exec0.cpp'
Sat 11:55: INFO    : Hash changed for file: 'tmp_resource_dump/ThresholdKernel.cpp'
Sat 11:55: INFO    : Hash changed for file: '../../MaxCompilerDesignData.dat'
Sat 11:55: INFO    : /opt/maxeler/maxcompiler/lib/clang/bin/start.sh clang++ -c -fPIC -B/opt/maxeler/maxcompiler/lib/gcc -fbracket-depth=1024 -D_GLIBCXX__PTHREADS -D__USE_XOPEN2K8 -O3  -I. -I/opt/maxeler/maxcompiler/lib/boost/include -I/opt/maxeler/maxcompiler/lib/maxeleros-sim/include -I/opt/maxeler/maxcompiler/lib/lwip_sim -I/opt/maxeler/maxcompiler/lib/lwip_sim/include -I/opt/maxeler/maxcompiler/lib/lwip_sim/include/arch -I/opt/maxeler/maxcompiler/lib/lwip_sim/include/ipv4  -DHAVE_KERNELS -DMAXFILE_INC="../../MaxCompilerDesignData.dat" -g0  -DSLIC_NO_DECLARATIONS   -O0 -DOPTIMIZATION_LEVEL=0 -x c++-header \
Sat 11:55: INFO    : 		-o stdsimheader.h.gch/O0_stdsimheader.h.gch stdsimheader.h
Sat 11:55: INFO    : /opt/maxeler/maxcompiler/lib/clang/bin/start.sh clang++ -c -fPIC -B/opt/maxeler/maxcompiler/lib/gcc -fbracket-depth=1024 -D_GLIBCXX__PTHREADS -D__USE_XOPEN2K8 -O3  -I. -I/opt/maxeler/maxcompiler/lib/boost/include -I/opt/maxeler/maxcompiler/lib/maxeleros-sim/include -I/opt/maxeler/maxcompiler/lib/lwip_sim -I/opt/maxeler/maxcompiler/lib/lwip_sim/include -I/opt/maxeler/maxcompiler/lib/lwip_sim/include/arch -I/opt/maxeler/maxcompiler/lib/lwip_sim/include/ipv4  -DHAVE_KERNELS -DMAXFILE_INC="../../MaxCompilerDesignData.dat" -g0  -DSLIC_NO_DECLARATIONS   -fno-implicit-templates -O2 -DOPTIMIZATION_LEVEL=2 -x c++-header \
Sat 11:55: INFO    : 		-o stdsimheader.h.gch/NoTplInst_O2_stdsimheader.h.gch stdsimheader.h
Sat 11:55: INFO    : make Threshold.so
Sat 11:55: INFO    : make[1]: Entering directory `/home/demo/Desktop/MaxCompiler-Builds/Threshold_MAX2C_DFE_SIM/scratch/software-sim/build'
Sat 11:55: INFO    : /opt/maxeler/maxcompiler/lib/clang/bin/start.sh clang++ -c -fPIC -B/opt/maxeler/maxcompiler/lib/gcc -fbracket-depth=1024 -D_GLIBCXX__PTHREADS -D__USE_XOPEN2K8 -O3  -I. -I/opt/maxeler/maxcompiler/lib/boost/include -I/opt/maxeler/maxcompiler/lib/maxeleros-sim/include -I/opt/maxeler/maxcompiler/lib/lwip_sim -I/opt/maxeler/maxcompiler/lib/lwip_sim/include -I/opt/maxeler/maxcompiler/lib/lwip_sim/include/arch -I/opt/maxeler/maxcompiler/lib/lwip_sim/include/ipv4  -DHAVE_KERNELS -DMAXFILE_INC="../../MaxCompilerDesignData.dat" -g0  -DSLIC_NO_DECLARATIONS   -fno-implicit-templates -include-pch stdsimheader.h.gch -O2 -DOPTIMIZATION_LEVEL=2 -o objdir/ThresholdKernel_exec0.NoTplInst.O2.o ThresholdKernel_exec0.cpp
Sat 11:55: INFO    : /opt/maxeler/maxcompiler/lib/clang/bin/start.sh clang++ -fPIC -B/opt/maxeler/maxcompiler/lib/gcc -fbracket-depth=1024 -D_GLIBCXX__PTHREADS -D__USE_XOPEN2K8 -O3  -I. -I/opt/maxeler/maxcompiler/lib/boost/include -I/opt/maxeler/maxcompiler/lib/maxeleros-sim/include -I/opt/maxeler/maxcompiler/lib/lwip_sim -I/opt/maxeler/maxcompiler/lib/lwip_sim/include -I/opt/maxeler/maxcompiler/lib/lwip_sim/include/arch -I/opt/maxeler/maxcompiler/lib/lwip_sim/include/ipv4  -DHAVE_KERNELS -DMAXFILE_INC="../../MaxCompilerDesignData.dat" -g0  -DSLIC_NO_DECLARATIONS   -MM -MP -MT objdir/ThresholdKernel_exec0.NoTplInst.O2.o \
Sat 11:55: INFO    : 		ThresholdKernel_exec0.cpp > objdir/ThresholdKernel_exec0.NoTplInst.O2.d
Sat 11:55: INFO    : /opt/maxeler/maxcompiler/lib/clang/bin/start.sh clang++ -c -fPIC -B/opt/maxeler/maxcompiler/lib/gcc -fbracket-depth=1024 -D_GLIBCXX__PTHREADS -D__USE_XOPEN2K8 -O3  -I. -I/opt/maxeler/maxcompiler/lib/boost/include -I/opt/maxeler/maxcompiler/lib/maxeleros-sim/include -I/opt/maxeler/maxcompiler/lib/lwip_sim -I/opt/maxeler/maxcompiler/lib/lwip_sim/include -I/opt/maxeler/maxcompiler/lib/lwip_sim/include/arch -I/opt/maxeler/maxcompiler/lib/lwip_sim/include/ipv4  -DHAVE_KERNELS -DMAXFILE_INC="../../MaxCompilerDesignData.dat" -g0  -DSLIC_NO_DECLARATIONS   -include-pch stdsimheader.h.gch -O0 -DOPTIMIZATION_LEVEL=0 -o objdir/ThresholdKernel.O0.o ThresholdKernel.cpp
Sat 11:55: INFO    : /opt/maxeler/maxcompiler/lib/clang/bin/start.sh clang++ -fPIC -B/opt/maxeler/maxcompiler/lib/gcc -fbracket-depth=1024 -D_GLIBCXX__PTHREADS -D__USE_XOPEN2K8 -O3  -I. -I/opt/maxeler/maxcompiler/lib/boost/include -I/opt/maxeler/maxcompiler/lib/maxeleros-sim/include -I/opt/maxeler/maxcompiler/lib/lwip_sim -I/opt/maxeler/maxcompiler/lib/lwip_sim/include -I/opt/maxeler/maxcompiler/lib/lwip_sim/include/arch -I/opt/maxeler/maxcompiler/lib/lwip_sim/include/ipv4  -DHAVE_KERNELS -DMAXFILE_INC="../../MaxCompilerDesignData.dat" -g0  -DSLIC_NO_DECLARATIONS   -MM -MP -MT objdir/ThresholdKernel.O0.o \
Sat 11:55: INFO    : 		ThresholdKernel.cpp > objdir/ThresholdKernel.O0.d
Sat 11:55: INFO    : /opt/maxeler/maxcompiler/lib/clang/bin/start.sh clang++ -c -fPIC -B/opt/maxeler/maxcompiler/lib/gcc -fbracket-depth=1024 -D_GLIBCXX__PTHREADS -D__USE_XOPEN2K8 -O3  -I. -I/opt/maxeler/maxcompiler/lib/boost/include -I/opt/maxeler/maxcompiler/lib/maxeleros-sim/include -I/opt/maxeler/maxcompiler/lib/lwip_sim -I/opt/maxeler/maxcompiler/lib/lwip_sim/include -I/opt/maxeler/maxcompiler/lib/lwip_sim/include/arch -I/opt/maxeler/maxcompiler/lib/lwip_sim/include/ipv4  -DHAVE_KERNELS -DMAXFILE_INC="../../MaxCompilerDesignData.dat" -g0  -DSLIC_NO_DECLARATIONS   -include-pch stdsimheader.h.gch -O2 -DOPTIMIZATION_LEVEL=2 -o objdir/ThresholdKernel_Templates.O2.o ThresholdKernel_Templates.cpp
Sat 11:55: INFO    : /opt/maxeler/maxcompiler/lib/clang/bin/start.sh clang++ -fPIC -B/opt/maxeler/maxcompiler/lib/gcc -fbracket-depth=1024 -D_GLIBCXX__PTHREADS -D__USE_XOPEN2K8 -O3  -I. -I/opt/maxeler/maxcompiler/lib/boost/include -I/opt/maxeler/maxcompiler/lib/maxeleros-sim/include -I/opt/maxeler/maxcompiler/lib/lwip_sim -I/opt/maxeler/maxcompiler/lib/lwip_sim/include -I/opt/maxeler/maxcompiler/lib/lwip_sim/include/arch -I/opt/maxeler/maxcompiler/lib/lwip_sim/include/ipv4  -DHAVE_KERNELS -DMAXFILE_INC="../../MaxCompilerDesignData.dat" -g0  -DSLIC_NO_DECLARATIONS   -MM -MP -MT objdir/ThresholdKernel_Templates.O2.o \
Sat 11:55: INFO    : 		ThresholdKernel_Templates.cpp > objdir/ThresholdKernel_Templates.O2.d
Sat 11:55: INFO    : /opt/maxeler/maxcompiler/lib/clang/bin/start.sh clang++ -c -fPIC -B/opt/maxeler/maxcompiler/lib/gcc -fbracket-depth=1024 -D_GLIBCXX__PTHREADS -D__USE_XOPEN2K8 -O3  -I. -I/opt/maxeler/maxcompiler/lib/boost/include -I/opt/maxeler/maxcompiler/lib/maxeleros-sim/include -I/opt/maxeler/maxcompiler/lib/lwip_sim -I/opt/maxeler/maxcompiler/lib/lwip_sim/include -I/opt/maxeler/maxcompiler/lib/lwip_sim/include/arch -I/opt/maxeler/maxcompiler/lib/lwip_sim/include/ipv4  -DHAVE_KERNELS -DMAXFILE_INC="../../MaxCompilerDesignData.dat" -g0  -DSLIC_NO_DECLARATIONS   -include-pch stdsimheader.h.gch -O0 -DOPTIMIZATION_LEVEL=0 -o objdir/max_msi.O0.o max_msi.cpp
Sat 11:55: INFO    : In file included from max_msi.cpp:19:
Sat 11:55: INFO    : /home/demo/Desktop/MaxCompiler-Builds/Threshold_MAX2C_DFE_SIM/scratch/software-sim/build/MaxFile.h:4:9: warning: '_QUOTE' macro redefined [-Wmacro-redefined]
Sat 11:55: INFO    : #define _QUOTE(what) #what
Sat 11:55: INFO    :         ^
Sat 11:55: INFO    : /opt/maxeler/maxcompiler/lib/maxeleros-sim/include/maxrt_error.h:87:9: note: previous definition is here
Sat 11:55: INFO    : #define _QUOTE(x) #x
Sat 11:55: INFO    :         ^
Sat 11:55: INFO    : 1 warning generated.
Sat 11:55: INFO    : /opt/maxeler/maxcompiler/lib/clang/bin/start.sh clang++ -fPIC -B/opt/maxeler/maxcompiler/lib/gcc -fbracket-depth=1024 -D_GLIBCXX__PTHREADS -D__USE_XOPEN2K8 -O3  -I. -I/opt/maxeler/maxcompiler/lib/boost/include -I/opt/maxeler/maxcompiler/lib/maxeleros-sim/include -I/opt/maxeler/maxcompiler/lib/lwip_sim -I/opt/maxeler/maxcompiler/lib/lwip_sim/include -I/opt/maxeler/maxcompiler/lib/lwip_sim/include/arch -I/opt/maxeler/maxcompiler/lib/lwip_sim/include/ipv4  -DHAVE_KERNELS -DMAXFILE_INC="../../MaxCompilerDesignData.dat" -g0  -DSLIC_NO_DECLARATIONS   -MM -MP -MT objdir/max_msi.O0.o \
Sat 11:55: INFO    : 		max_msi.cpp > objdir/max_msi.O0.d
Sat 11:55: INFO    : /opt/maxeler/maxcompiler/lib/clang/bin/start.sh clang++ -fPIC -shared -B/opt/maxeler/maxcompiler/lib/gcc -L/opt/maxeler/maxcompiler/lib/boost/lib -lboost_thread -lboost_system -lboost_filesystem -lrt -pthread -O2 -s  -o Threshold.so objdir/ThresholdKernel_exec0.NoTplInst.O2.o objdir/ThresholdKernel.O0.o objdir/ThresholdKernel_Templates.O2.o objdir/max_msi.O0.o StructToGroupDummy.o Mux.o DualAspectMux.o Demux.o Fanout.o CapRegs.o IFPGARegs.o ChecksumMem.o PCIe.o KernelManagerBlockSync.o DualAspectReg.o PullPushAdapter.o FilePullSource.o max_shared_fifo.o SharedFIFO.o Fifos.o FilePushSink.o SimTerminator.o Watch.o StreamStatus.o RunLengthExpander.o ManagerBlock.o MappedElements.o ManagerSync.o PullSync.o PushSync.o DynamicVarUInt.o SimException.o DebugStreams.o AddressGenerator.o MemoryControllerPro.o MemoryControllerRAM.o MemoryControllerCommand.o MemoryControllerStreams.o MemoryControllerConfig.o TCP.o Ethernet.o Timestamp.o /opt/maxeler/maxcompiler/lib/lwip_sim/lib/liblwip.a
Sat 11:55: INFO    : make[1]: Leaving directory `/home/demo/Desktop/MaxCompiler-Builds/Threshold_MAX2C_DFE_SIM/scratch/software-sim/build'
Sat 11:55: INFO    : Build pass 'SimCompilePass' took 9.05791 s.
Sat 11:55: PROGRESS: (3/3) - Generate MaxFile (AddSimObjectToMaxFilePass)
Sat 11:55: INFO    : Build pass 'AddSimObjectToMaxFilePass' took 654.696 ms.
Sat 11:55: INFO    : Final result files after build: 
Sat 11:55: INFO    : Running command: ln -sf "../scratch/Threshold-ThresholdKernel-original.pxg"
Sat 11:55: INFO    : Threshold-ThresholdKernel-original.pxg (BuildFilePXG)
Sat 11:55: INFO    : Running command: ln -sf "../scratch/ThresholdKernel_Configuration.txt"
Sat 11:55: INFO    : ThresholdKernel_Configuration.txt (BuildFile)
Sat 11:55: INFO    : Running command: ln -sf "../scratch/ThresholdKernel_NodeDiary.txt"
Sat 11:55: INFO    : ThresholdKernel_NodeDiary.txt (BuildFile)
Sat 11:55: INFO    : Running command: ln -sf "../scratch/Threshold-ThresholdKernel-final-simulation.pxg"
Sat 11:55: INFO    : Threshold-ThresholdKernel-final-simulation.pxg (BuildFilePXG)
Sat 11:55: INFO    : Running command: ln -sf "../scratch/Threshold.xml"
Sat 11:55: INFO    : Threshold.xml (BuildFile)
Sat 11:55: INFO    : Running command: ln -sf "../scratch/Threshold.h"
Sat 11:55: INFO    : Threshold.h (BuildFileSlicH)
Sat 11:55: INFO    : Running command: ln -sf "../scratch/Threshold.max"
Sat 11:55: INFO    : Threshold.max (BuildFileMaxFile)
Sat 11:55: INFO    : Result files will be copied to '/home/demo/Desktop/Maxeler_Threshold/RunRules/Simulation/maxfiles'
Sat 11:55: INFO    : Result 'Threshold-ThresholdKernel-original.pxg' is identical to '/home/demo/Desktop/Maxeler_Threshold/RunRules/Simulation/maxfiles/Threshold-ThresholdKernel-original.pxg': not overwriting.
Sat 11:55: INFO    : Result 'Threshold-ThresholdKernel-final-simulation.pxg' is identical to '/home/demo/Desktop/Maxeler_Threshold/RunRules/Simulation/maxfiles/Threshold-ThresholdKernel-final-simulation.pxg': not overwriting.
Sat 11:55: INFO    : Result 'Threshold.h' is identical to '/home/demo/Desktop/Maxeler_Threshold/RunRules/Simulation/maxfiles/Threshold.h': not overwriting.
Sat 11:55: INFO    : Result 'Threshold.max' is identical to '/home/demo/Desktop/Maxeler_Threshold/RunRules/Simulation/maxfiles/Threshold.max': not overwriting.
Sat 11:55: PROGRESS: MaxFile: /home/demo/Desktop/MaxCompiler-Builds/Threshold_MAX2C_DFE_SIM/results/Threshold.max (MD5Sum: 6a03593039b5467291a285080337a33e)
Sat 11:55: INFO    : Waiting for any outstanding jobs to finish... 
Sat 11:55: PROGRESS: Build completed: Sat Jan 09 11:55:29 PST 2016 (took 12 secs)
